{"symbol":"MCUSDT","buyFrom":"mexc","sellTo":"binance","nickName":"MCUSDT_mexc_binance","spred":0.269,"hedging":true,"nameChecked":true,"time":"20:00:39","count":1}

{"symbol":"CITYUSDT","buyFrom":"mexc","sellTo":"binance","nickName":"CITYUSDT_mexc_binance","spred":0.455,"hedging":false,"nameChecked":false,"time":"20:07:45","count":1}

{"symbol":"XRPUSDT","buyFrom":"binance","sellTo":"mexc","nickName":"XRPUSDT_binance_mexc","spred":0.223,"hedging":false,"nameChecked":true,"time":"20:10:01","count":1}

{"symbol":"XLMUSDT","buyFrom":"binance","sellTo":"mexc","nickName":"XLMUSDT_binance_mexc","spred":0.244,"hedging":false,"nameChecked":false,"time":"20:21:50","count":1}

{"symbol":"XRPUSDT","buyFrom":"binance","sellTo":"mexc","nickName":"XRPUSDT_binance_mexc","spred":0.263,"hedging":false,"nameChecked":true,"time":"20:25:15","count":1}

{"symbol":"XRPETH","buyFrom":"binance","sellTo":"mexc","nickName":"XRPETH_binance_mexc","spred":0.213,"hedging":false,"nameChecked":true,"time":"20:29:04","count":3}

{"symbol":"ONGUSDT","buyFrom":"mexc","sellTo":"binance","nickName":"ONGUSDT_mexc_binance","spred":0.235,"hedging":true,"nameChecked":true,"time":"20:29:04","count":3}

{"symbol":"SNTUSDT","buyFrom":"binance","sellTo":"mexc","nickName":"SNTUSDT_binance_mexc","spred":0.216,"hedging":false,"nameChecked":false,"time":"20:29:20","count":1}

{"symbol":"SNTUSDT","buyFrom":"binance","sellTo":"mexc","nickName":"SNTUSDT_binance_mexc","spred":0.253,"hedging":false,"nameChecked":false,"time":"20:29:28","count":1}

{"symbol":"XLMBTC","buyFrom":"mexc","sellTo":"binance","nickName":"XLMBTC_mexc_binance","spred":0.226,"hedging":true,"nameChecked":false,"time":"20:29:38","count":1}

{"symbol":"SNTUSDT","buyFrom":"binance","sellTo":"mexc","nickName":"SNTUSDT_binance_mexc","spred":0.253,"hedging":false,"nameChecked":false,"time":"20:29:40","count":2}

{"symbol":"RDNTUSDT","buyFrom":"binance","sellTo":"mexc","nickName":"RDNTUSDT_binance_mexc","spred":1.028,"hedging":false,"nameChecked":false,"time":"20:29:52","count":1}

{"symbol":"MULTIUSDT","buyFrom":"mexc","sellTo":"binance","nickName":"MULTIUSDT_mexc_binance","spred":0.822,"hedging":false,"nameChecked":true,"time":"20:30:07","count":2}

{"symbol":"ONGUSDT","buyFrom":"mexc","sellTo":"binance","nickName":"ONGUSDT_mexc_binance","spred":0.209,"hedging":true,"nameChecked":true,"time":"20:30:12","count":1}

{"symbol":"XRPUSDT","buyFrom":"binance","sellTo":"mexc","nickName":"XRPUSDT_binance_mexc","spred":0.215,"hedging":false,"nameChecked":true,"time":"20:30:52","count":1}

{"symbol":"XRPUSDT","buyFrom":"binance","sellTo":"mexc","nickName":"XRPUSDT_binance_mexc","spred":0.229,"hedging":false,"nameChecked":true,"time":"20:32:18","count":2}

{"symbol":"TUSDT","buyFrom":"binance","sellTo":"mexc","nickName":"TUSDT_binance_mexc","spred":0.338,"hedging":false,"nameChecked":true,"time":"20:33:32","count":1}

{"symbol":"ONGUSDT","buyFrom":"mexc","sellTo":"binance","nickName":"ONGUSDT_mexc_binance","spred":0.66,"hedging":true,"nameChecked":true,"time":"20:34:33","count":1}

{"symbol":"DOTBTC","buyFrom":"mexc","sellTo":"binance","nickName":"DOTBTC_mexc_binance","spred":0.229,"hedging":true,"nameChecked":true,"time":"20:36:24","count":1}

{"symbol":"XRPUSDT","buyFrom":"binance","sellTo":"mexc","nickName":"XRPUSDT_binance_mexc","spred":0.326,"hedging":false,"nameChecked":true,"time":"20:39:31","count":1}

{"symbol":"RAYUSDT","buyFrom":"mexc","sellTo":"binance","nickName":"RAYUSDT_mexc_binance","spred":0.592,"hedging":false,"nameChecked":true,"time":"20:39:31","count":2}

{"symbol":"XRPBTC","buyFrom":"mexc","sellTo":"binance","nickName":"XRPBTC_mexc_binance","spred":0.306,"hedging":true,"nameChecked":true,"time":"20:39:35","count":1}

{"symbol":"XRPUSDT","buyFrom":"mexc","sellTo":"binance","nickName":"XRPUSDT_mexc_binance","spred":0.395,"hedging":true,"nameChecked":true,"time":"20:39:35","count":1}

{"symbol":"LQTYUSDT","buyFrom":"binance","sellTo":"mexc","nickName":"LQTYUSDT_binance_mexc","spred":0.211,"hedging":false,"nameChecked":true,"time":"21:33:09","count":1}

{"symbol":"XRPUSDT","buyFrom":"binance","sellTo":"mexc","nickName":"XRPUSDT_binance_mexc","spred":0.2,"hedging":false,"nameChecked":true,"time":"21:33:15","count":1}

{"symbol":"XLMUSDT","buyFrom":"mexc","sellTo":"binance","nickName":"XLMUSDT_mexc_binance","spred":0.244,"hedging":true,"nameChecked":false,"time":"21:33:15","count":1}

{"symbol":"XRPUSDT","buyFrom":"mexc","sellTo":"binance","nickName":"XRPUSDT_mexc_binance","spred":0.248,"hedging":true,"nameChecked":true,"time":"21:33:25","count":1}

{"symbol":"LQTYUSDT","buyFrom":"mexc","sellTo":"binance","nickName":"LQTYUSDT_mexc_binance","spred":0.279,"hedging":true,"nameChecked":true,"time":"21:33:25","count":1}

{"symbol":"XLMUSDT","buyFrom":"binance","sellTo":"mexc","nickName":"XLMUSDT_binance_mexc","spred":0.366,"hedging":false,"nameChecked":false,"time":"21:33:27","count":1}

{"symbol":"PLAUSDT","buyFrom":"mexc","sellTo":"binance","nickName":"PLAUSDT_mexc_binance","spred":0.234,"hedging":true,"nameChecked":false,"time":"21:33:25","count":3}

{"symbol":"XRPUSDT","buyFrom":"binance","sellTo":"mexc","nickName":"XRPUSDT_binance_mexc","spred":0.294,"hedging":false,"nameChecked":true,"time":"21:36:01","count":1}

{"symbol":"XRPUSDT","buyFrom":"mexc","sellTo":"binance","nickName":"XRPUSDT_mexc_binance","spred":0.294,"hedging":true,"nameChecked":true,"time":"21:36:03","count":1}

{"symbol":"XLMBTC","buyFrom":"mexc","sellTo":"binance","nickName":"XLMBTC_mexc_binance","spred":0.374,"hedging":true,"nameChecked":false,"time":"21:36:07","count":1}

{"symbol":"XLMUSDT","buyFrom":"mexc","sellTo":"binance","nickName":"XLMUSDT_mexc_binance","spred":0.239,"hedging":true,"nameChecked":false,"time":"21:36:07","count":1}

{"symbol":"XLMBTC","buyFrom":"mexc","sellTo":"binance","nickName":"XLMBTC_mexc_binance","spred":0.241,"hedging":true,"nameChecked":false,"time":"21:36:11","count":1}

{"symbol":"ADAUSDT","buyFrom":"mexc","sellTo":"binance","nickName":"ADAUSDT_mexc_binance","spred":0.202,"hedging":true,"nameChecked":true,"time":"21:36:11","count":1}

{"symbol":"XRPUSDT","buyFrom":"mexc","sellTo":"binance","nickName":"XRPUSDT_mexc_binance","spred":0.447,"hedging":true,"nameChecked":true,"time":"21:36:13","count":1}

{"symbol":"XRPUSDT","buyFrom":"binance","sellTo":"mexc","nickName":"XRPUSDT_binance_mexc","spred":0.29,"hedging":false,"nameChecked":true,"time":"21:36:17","count":1}

{"symbol":"SCUSDT","buyFrom":"mexc","sellTo":"binance","nickName":"SCUSDT_mexc_binance","spred":0.322,"hedging":true,"nameChecked":true,"time":"21:36:17","count":1}

{"symbol":"ADAUSDT","buyFrom":"binance","sellTo":"mexc","nickName":"ADAUSDT_binance_mexc","spred":0.23,"hedging":false,"nameChecked":true,"time":"21:36:19","count":1}

{"symbol":"DUSKUSDT","buyFrom":"mexc","sellTo":"binance","nickName":"DUSKUSDT_mexc_binance","spred":0.328,"hedging":true,"nameChecked":false,"time":"21:41:05","count":1}

{"symbol":"APTUSDT","buyFrom":"mexc","sellTo":"binance","nickName":"APTUSDT_mexc_binance","spred":0.232,"hedging":true,"nameChecked":true,"time":"21:41:05","count":1}

{"symbol":"XLMUSDT","buyFrom":"binance","sellTo":"mexc","nickName":"XLMUSDT_binance_mexc","spred":0.374,"hedging":false,"nameChecked":false,"time":"21:41:10","count":1}

